[handleMsg]:  {
  key: {
    remoteJid: '50497090582@s.whatsapp.net',
    fromMe: false,
    id: 'A4F0DF4D882783F7AF60822BCAADDCFF',
    participant: undefined
  },
  messageTimestamp: 1695833738,
  pushName: 'Rfunes',
  broadcast: false,
  message: Message {
    conversation: 'Menu',
    messageContextInfo: MessageContextInfo {
      deviceListMetadata: [DeviceListMetadata],
      deviceListMetadataVersion: 2
    }
  },
  body: 'Menu',
  from: '50497090582'
}
[QUEUE_SE_ENVIO]:  {
  ref: 'ans_bfa6dbc3-b2d2-4a93-91cd-73a069f07327',
  keyword: 'key_cb10a7de-e7ee-4cf3-b8fd-fe3922608bd3',
  answer: 'Hola mi nombre es *parador bot* 🔩 soy el agente\n' +
    'de servicio al cliente automatizado',
  options: {
    media: null,
    buttons: [],
    capture: false,
    child: null,
    delay: 0,
    nested: [],
    keyword: {},
    callback: false
  },
  refSerialize: '524fd574151730f65d87e6aaee35239c'
}
[QUEUE_SE_ENVIO]:  {
  ref: 'ans_ce5bc313-096e-453b-a728-cbabae610432',
  keyword: 'ans_bfa6dbc3-b2d2-4a93-91cd-73a069f07327',
  answer: '*1)* Gestionar pedidos 📝\n' +
    '*2)* Reservacion de mesa ☎\n' +
    '*3)* Preguntas Frecuentes ❓\n' +
    '*4)* Sugerencias y recomendaciones 📬',
  options: {
    media: null,
    buttons: [],
    capture: false,
    child: null,
    delay: 0,
    nested: [
      [Object], [Object],
      [Object], [Object],
      [Object], [Object],
      [Object]
    ],
    keyword: {},
    callback: false
  },
  refSerialize: 'ba1ed34cd993f2fe6be2943e7a22dc7a'
}
[handleMsg]:  {
  key: {
    remoteJid: '50497090582@s.whatsapp.net',
    fromMe: false,
    id: 'D1FE098F53590E9F961381669D8DE167',
    participant: undefined
  },
  messageTimestamp: 1695833740,
  pushName: 'Rfunes',
  broadcast: false,
  message: Message {
    conversation: '1',
    messageContextInfo: MessageContextInfo {
      deviceListMetadata: [DeviceListMetadata],
      deviceListMetadataVersion: 2
    }
  },
  body: '1',
  from: '50497090582'
}
[QUEUE_SE_ENVIO]:  {
  ref: 'ans_51f4d6de-280f-45af-91ab-e5f4ab481829',
  keyword: 'key_0ade7c21-e778-4277-bebe-f723b5207236',
  answer: 'Bienvenido servicio a *domicilio* o *recogerlo* en una de nuestras sucursales',
  options: {
    media: null,
    buttons: [],
    capture: false,
    child: null,
    delay: 0,
    nested: [],
    keyword: {},
    callback: false
  },
  refSerialize: '754649f26c8543a7bd5d99f68037220a'
}
[QUEUE_SE_ENVIO]:  {
  ref: 'ans_01cac437-b479-4591-96ce-ab8b837e739b',
  keyword: 'ans_51f4d6de-280f-45af-91ab-e5f4ab481829',
  answer: '*1) Domicilio*\n*2) Pickup*\n*3) Regresar al*',
  options: {
    media: null,
    buttons: [],
    capture: true,
    child: null,
    delay: 0,
    nested: [],
    keyword: {},
    callback: true
  },
  refSerialize: 'c139f0d72af9488bad6af849fc7c1069'
}
[handleMsg]:  {
  key: {
    remoteJid: '50497090582@s.whatsapp.net',
    fromMe: false,
    id: '0E842EE935441C9D8F18A7386C1C4A7C',
    participant: undefined
  },
  messageTimestamp: 1695833743,
  pushName: 'Rfunes',
  broadcast: false,
  message: Message {
    conversation: '1',
    messageContextInfo: MessageContextInfo {
      deviceListMetadata: [DeviceListMetadata],
      deviceListMetadataVersion: 2
    }
  },
  body: '1',
  from: '50497090582'
}
[QUEUE_SE_ENVIO]:  {
  ref: 'ans_d11a1728-1b73-44c5-a452-52d349776bf0',
  keyword: 'ans_01cac437-b479-4591-96ce-ab8b837e739b',
  answer: 'Cual es su nombre completo',
  options: {
    media: null,
    buttons: [],
    capture: true,
    child: null,
    delay: 0,
    nested: [],
    keyword: {},
    callback: true
  },
  refSerialize: 'd1e0f3894ecfc0e58557ecb85630037b'
}
[handleMsg]:  {
  key: {
    remoteJid: '50497090582@s.whatsapp.net',
    fromMe: false,
    id: '494F1AFE583F98E38EC59C8409B749DC',
    participant: undefined
  },
  messageTimestamp: 1695833746,
  pushName: 'Rfunes',
  broadcast: false,
  message: Message {
    conversation: 'Rigo',
    messageContextInfo: MessageContextInfo {
      deviceListMetadata: [DeviceListMetadata],
      deviceListMetadataVersion: 2
    }
  },
  body: 'Rigo',
  from: '50497090582'
}
[QUEUE_SE_ENVIO]:  {
  ref: 'ans_b62d5232-7769-41fb-81b1-2457d9acefdb',
  keyword: 'ans_d11a1728-1b73-44c5-a452-52d349776bf0',
  answer: 'Cual es el numero de 📱 de la persona que recibira el pedido? favor escribirlo sin guiones y espacios\n' +
    ' *Ejemplo: 98802020*',
  options: {
    media: null,
    buttons: [],
    capture: true,
    child: null,
    delay: 0,
    nested: [],
    keyword: {},
    callback: true
  },
  refSerialize: '4bf79c27dec1cc6cc78bd25ecaf83dad'
}
[handleMsg]:  {
  key: {
    remoteJid: '50497090582@s.whatsapp.net',
    fromMe: false,
    id: '146A1F42FFDE9E6780E9E42BC6689FDD',
    participant: undefined
  },
  messageTimestamp: 1695833748,
  pushName: 'Rfunes',
  broadcast: false,
  message: Message {
    conversation: '123',
    messageContextInfo: MessageContextInfo {
      deviceListMetadata: [DeviceListMetadata],
      deviceListMetadataVersion: 2
    }
  },
  body: '123',
  from: '50497090582'
}
[QUEUE_SE_ENVIO]:  {
  ref: 'ans_31e67ed6-8e13-43da-a7a4-e3b72b3fcb58',
  keyword: 'ans_b62d5232-7769-41fb-81b1-2457d9acefdb',
  answer: 'Elija la sucursal donde recogera su pedido\n*1) Principal*',
  options: {
    media: null,
    buttons: [],
    capture: true,
    child: null,
    delay: 0,
    nested: [],
    keyword: {},
    callback: true
  },
  refSerialize: 'cf01179a11c0885545e4098b6d51b9d6'
}
[handleMsg]:  {
  key: {
    remoteJid: '50497090582@s.whatsapp.net',
    fromMe: false,
    id: '74BEAE2529B24186505BC0676FC5B21E',
    participant: undefined
  },
  messageTimestamp: 1695833750,
  pushName: 'Rfunes',
  broadcast: false,
  message: Message {
    conversation: '1',
    messageContextInfo: MessageContextInfo {
      deviceListMetadata: [DeviceListMetadata],
      deviceListMetadataVersion: 2
    }
  },
  body: '1',
  from: '50497090582'
}
[QUEUE_SE_ENVIO]:  {
  ref: 'ans_a428761b-7870-4620-be1a-2c6d27fb652b',
  keyword: 'ans_31e67ed6-8e13-43da-a7a4-e3b72b3fcb58',
  answer: 'Nuestro horario de atencion es de 9:00 AM  a 8:00 PM 🕘\n' +
    'A que horas desea pasar por su pedido?',
  options: {
    media: null,
    buttons: [],
    capture: true,
    child: null,
    delay: 0,
    nested: [ [Object], [Object], [Object], [Object] ],
    keyword: {},
    callback: true
  },
  refSerialize: '61b4eaeb4b8fe6a4367add1eadd3452a'
}
[handleMsg]:  {
  key: {
    remoteJid: '50497090582@s.whatsapp.net',
    fromMe: false,
    id: 'D8B710AAA51E600EA8228A33D49A20D3',
    participant: undefined
  },
  messageTimestamp: 1695833753,
  pushName: 'Rfunes',
  broadcast: false,
  message: Message {
    conversation: '12',
    messageContextInfo: MessageContextInfo {
      deviceListMetadata: [DeviceListMetadata],
      deviceListMetadataVersion: 2
    }
  },
  body: '12',
  from: '50497090582'
}
[QUEUE_SE_ENVIO]:  {
  ref: 'ans_f00fd45d-4c33-4497-afe9-b4169c854b88',
  keyword: 'key_b731cb10-f12e-4982-afa6-f47583d30d42',
  answer: 'Espere un momento generando menu',
  options: {
    media: null,
    buttons: [],
    capture: false,
    child: null,
    delay: 0,
    nested: [],
    keyword: {},
    callback: true
  },
  refSerialize: '49b35be558bc671571f84720c7e190dd'
}
[QUEUE_SE_ENVIO]:  {
  ref: 'ans_38237d9b-176c-482c-b0b3-af4d835d6c30',
  keyword: 'ans_f00fd45d-4c33-4497-afe9-b4169c854b88',
  answer: 'Escriba el numero de categoria que desea',
  options: {
    media: null,
    buttons: [],
    capture: true,
    child: null,
    delay: 0,
    nested: [ [Object], [Object] ],
    keyword: {},
    callback: true
  },
  refSerialize: '24d5340e1797ec56a12fdae997feaf0c'
}
